2025-11-17 11:25:42,225 WARN clearConfigHistory start

2025-11-17 11:25:42,225 WARN clearConfigHistory, getBeforeStamp:2025-10-18 11:25:42.0, pageSize:1000

2025-11-17 11:25:42,241 INFO [capacityManagement] start correct usage

2025-11-17 11:25:42,242 INFO [capacityManagement] end correct usage, cost: 9.325E-4s

2025-11-17 11:35:42,228 WARN clearConfigHistory start

2025-11-17 11:35:42,228 WARN clearConfigHistory, getBeforeStamp:2025-10-18 11:35:42.0, pageSize:1000

2025-11-17 11:35:42,244 INFO [capacityManagement] start correct usage

2025-11-17 11:35:42,251 INFO [capacityManagement] end correct usage, cost: 0.0067653s

2025-11-17 11:45:42,233 WARN clearConfigHistory start

2025-11-17 11:45:42,233 WARN clearConfigHistory, getBeforeStamp:2025-10-18 11:45:42.0, pageSize:1000

2025-11-17 11:45:42,264 INFO [capacityManagement] start correct usage

2025-11-17 11:45:42,266 INFO [capacityManagement] end correct usage, cost: 0.0012688s

2025-11-17 11:55:42,235 WARN clearConfigHistory start

2025-11-17 11:55:42,235 WARN clearConfigHistory, getBeforeStamp:2025-10-18 11:55:42.0, pageSize:1000

2025-11-17 11:55:42,268 INFO [capacityManagement] start correct usage

2025-11-17 11:55:42,268 INFO [capacityManagement] end correct usage, cost: 0.0012213s

2025-11-17 12:05:42,239 WARN clearConfigHistory start

2025-11-17 12:05:42,239 WARN clearConfigHistory, getBeforeStamp:2025-10-18 12:05:42.0, pageSize:1000

2025-11-17 12:05:42,271 INFO [capacityManagement] start correct usage

2025-11-17 12:05:42,274 INFO [capacityManagement] end correct usage, cost: 0.0034663s

2025-11-17 12:15:42,245 WARN clearConfigHistory start

2025-11-17 12:15:42,245 WARN clearConfigHistory, getBeforeStamp:2025-10-18 12:15:42.0, pageSize:1000

2025-11-17 12:15:42,278 INFO [capacityManagement] start correct usage

2025-11-17 12:15:42,278 INFO [capacityManagement] end correct usage, cost: 0.0010864s

2025-11-17 12:25:42,249 WARN clearConfigHistory start

2025-11-17 12:25:42,249 WARN clearConfigHistory, getBeforeStamp:2025-10-18 12:25:42.0, pageSize:1000

2025-11-17 12:25:42,280 INFO [capacityManagement] start correct usage

2025-11-17 12:25:42,281 INFO [capacityManagement] end correct usage, cost: 0.0011571s

2025-11-17 12:35:42,253 WARN clearConfigHistory start

2025-11-17 12:35:42,253 WARN clearConfigHistory, getBeforeStamp:2025-10-18 12:35:42.0, pageSize:1000

2025-11-17 12:35:42,284 INFO [capacityManagement] start correct usage

2025-11-17 12:35:42,287 INFO [capacityManagement] end correct usage, cost: 0.0023364s

2025-11-17 12:45:42,263 WARN clearConfigHistory start

2025-11-17 12:45:42,263 WARN clearConfigHistory, getBeforeStamp:2025-10-18 12:45:42.0, pageSize:1000

2025-11-17 12:45:42,293 INFO [capacityManagement] start correct usage

2025-11-17 12:45:42,295 INFO [capacityManagement] end correct usage, cost: 0.001378s

2025-11-17 12:55:42,270 WARN clearConfigHistory start

2025-11-17 12:55:42,270 WARN clearConfigHistory, getBeforeStamp:2025-10-18 12:55:42.0, pageSize:1000

2025-11-17 12:55:42,301 INFO [capacityManagement] start correct usage

2025-11-17 12:55:42,303 INFO [capacityManagement] end correct usage, cost: 0.0012413s

2025-11-17 13:05:42,272 WARN clearConfigHistory start

2025-11-17 13:05:42,272 WARN clearConfigHistory, getBeforeStamp:2025-10-18 13:05:42.0, pageSize:1000

2025-11-17 13:05:42,319 INFO [capacityManagement] start correct usage

2025-11-17 13:05:42,320 INFO [capacityManagement] end correct usage, cost: 0.0016063s

2025-11-17 13:15:42,277 WARN clearConfigHistory start

2025-11-17 13:15:42,277 WARN clearConfigHistory, getBeforeStamp:2025-10-18 13:15:42.0, pageSize:1000

2025-11-17 13:15:42,323 INFO [capacityManagement] start correct usage

2025-11-17 13:15:42,324 INFO [capacityManagement] end correct usage, cost: 0.001366s

2025-11-17 13:25:42,284 WARN clearConfigHistory start

2025-11-17 13:25:42,284 WARN clearConfigHistory, getBeforeStamp:2025-10-18 13:25:42.0, pageSize:1000

2025-11-17 13:25:42,330 INFO [capacityManagement] start correct usage

2025-11-17 13:25:42,331 INFO [capacityManagement] end correct usage, cost: 0.0012788s

2025-11-17 13:35:42,289 WARN clearConfigHistory start

2025-11-17 13:35:42,289 WARN clearConfigHistory, getBeforeStamp:2025-10-18 13:35:42.0, pageSize:1000

2025-11-17 13:35:42,335 INFO [capacityManagement] start correct usage

2025-11-17 13:35:42,337 INFO [capacityManagement] end correct usage, cost: 0.0011794s

2025-11-17 13:45:42,291 WARN clearConfigHistory start

2025-11-17 13:45:42,293 WARN clearConfigHistory, getBeforeStamp:2025-10-18 13:45:42.0, pageSize:1000

2025-11-17 13:45:42,339 INFO [capacityManagement] start correct usage

2025-11-17 13:45:42,342 INFO [capacityManagement] end correct usage, cost: 0.0025606s

2025-11-17 13:55:42,313 WARN clearConfigHistory start

2025-11-17 13:55:42,313 WARN clearConfigHistory, getBeforeStamp:2025-10-18 13:55:42.0, pageSize:1000

2025-11-17 13:55:42,344 INFO [capacityManagement] start correct usage

2025-11-17 13:55:42,345 INFO [capacityManagement] end correct usage, cost: 0.0013225s

2025-11-17 14:05:42,317 WARN clearConfigHistory start

2025-11-17 14:05:42,317 WARN clearConfigHistory, getBeforeStamp:2025-10-18 14:05:42.0, pageSize:1000

2025-11-17 14:05:42,347 INFO [capacityManagement] start correct usage

2025-11-17 14:05:42,349 INFO [capacityManagement] end correct usage, cost: 0.0019675s

2025-11-17 14:15:42,319 WARN clearConfigHistory start

2025-11-17 14:15:42,319 WARN clearConfigHistory, getBeforeStamp:2025-10-18 14:15:42.0, pageSize:1000

2025-11-17 14:15:42,352 INFO [capacityManagement] start correct usage

2025-11-17 14:15:42,353 INFO [capacityManagement] end correct usage, cost: 0.0015386s

2025-11-17 14:23:16,344 WARN Stream Error

io.grpc.netty.shaded.io.netty.handler.codec.http2.Http2Exception$StreamException: Cannot create stream 213 greater than Last-Stream-ID 211 from GOAWAY.
	at io.grpc.netty.shaded.io.netty.handler.codec.http2.Http2Exception.streamError(Http2Exception.java:147)
	at io.grpc.netty.shaded.io.netty.handler.codec.http2.DefaultHttp2Connection$DefaultEndpoint.checkNewStreamAllowed(DefaultHttp2Connection.java:874)
	at io.grpc.netty.shaded.io.netty.handler.codec.http2.DefaultHttp2Connection$DefaultEndpoint.createStream(DefaultHttp2Connection.java:748)
	at io.grpc.netty.shaded.io.netty.handler.codec.http2.DefaultHttp2Connection$DefaultEndpoint.createStream(DefaultHttp2Connection.java:668)
	at io.grpc.netty.shaded.io.netty.handler.codec.http2.DefaultHttp2ConnectionDecoder$FrameReadListener.onHeadersRead(DefaultHttp2ConnectionDecoder.java:330)
	at io.grpc.netty.shaded.io.netty.handler.codec.http2.Http2InboundFrameLogger$1.onHeadersRead(Http2InboundFrameLogger.java:65)
	at io.grpc.netty.shaded.io.netty.handler.codec.http2.DefaultHttp2FrameReader$1.processFragment(DefaultHttp2FrameReader.java:457)
	at io.grpc.netty.shaded.io.netty.handler.codec.http2.DefaultHttp2FrameReader.readHeadersFrame(DefaultHttp2FrameReader.java:464)
	at io.grpc.netty.shaded.io.netty.handler.codec.http2.DefaultHttp2FrameReader.processPayloadState(DefaultHttp2FrameReader.java:254)
	at io.grpc.netty.shaded.io.netty.handler.codec.http2.DefaultHttp2FrameReader.readFrame(DefaultHttp2FrameReader.java:160)
	at io.grpc.netty.shaded.io.netty.handler.codec.http2.Http2InboundFrameLogger.readFrame(Http2InboundFrameLogger.java:41)
	at io.grpc.netty.shaded.io.netty.handler.codec.http2.DefaultHttp2ConnectionDecoder.decodeFrame(DefaultHttp2ConnectionDecoder.java:174)
	at io.grpc.netty.shaded.io.netty.handler.codec.http2.Http2ConnectionHandler$FrameDecoder.decode(Http2ConnectionHandler.java:378)
	at io.grpc.netty.shaded.io.netty.handler.codec.http2.Http2ConnectionHandler.decode(Http2ConnectionHandler.java:438)
	at io.grpc.netty.shaded.io.netty.handler.codec.ByteToMessageDecoder.decodeRemovalReentryProtection(ByteToMessageDecoder.java:498)
	at io.grpc.netty.shaded.io.netty.handler.codec.ByteToMessageDecoder.callDecode(ByteToMessageDecoder.java:437)
	at io.grpc.netty.shaded.io.netty.handler.codec.ByteToMessageDecoder.channelRead(ByteToMessageDecoder.java:276)
	at io.grpc.netty.shaded.io.netty.channel.AbstractChannelHandlerContext.invokeChannelRead(AbstractChannelHandlerContext.java:379)
	at io.grpc.netty.shaded.io.netty.channel.AbstractChannelHandlerContext.invokeChannelRead(AbstractChannelHandlerContext.java:365)
	at io.grpc.netty.shaded.io.netty.channel.AbstractChannelHandlerContext.fireChannelRead(AbstractChannelHandlerContext.java:357)
	at io.grpc.netty.shaded.io.netty.channel.DefaultChannelPipeline$HeadContext.channelRead(DefaultChannelPipeline.java:1410)
	at io.grpc.netty.shaded.io.netty.channel.AbstractChannelHandlerContext.invokeChannelRead(AbstractChannelHandlerContext.java:379)
	at io.grpc.netty.shaded.io.netty.channel.AbstractChannelHandlerContext.invokeChannelRead(AbstractChannelHandlerContext.java:365)
	at io.grpc.netty.shaded.io.netty.channel.DefaultChannelPipeline.fireChannelRead(DefaultChannelPipeline.java:919)
	at io.grpc.netty.shaded.io.netty.channel.nio.AbstractNioByteChannel$NioByteUnsafe.read(AbstractNioByteChannel.java:163)
	at io.grpc.netty.shaded.io.netty.channel.nio.NioEventLoop.processSelectedKey(NioEventLoop.java:714)
	at io.grpc.netty.shaded.io.netty.channel.nio.NioEventLoop.processSelectedKeysOptimized(NioEventLoop.java:650)
	at io.grpc.netty.shaded.io.netty.channel.nio.NioEventLoop.processSelectedKeys(NioEventLoop.java:576)
	at io.grpc.netty.shaded.io.netty.channel.nio.NioEventLoop.run(NioEventLoop.java:493)
	at io.grpc.netty.shaded.io.netty.util.concurrent.SingleThreadEventExecutor$4.run(SingleThreadEventExecutor.java:989)
	at io.grpc.netty.shaded.io.netty.util.internal.ThreadExecutorMap$2.run(ThreadExecutorMap.java:74)
	at io.grpc.netty.shaded.io.netty.util.concurrent.FastThreadLocalRunnable.run(FastThreadLocalRunnable.java:30)
	at java.base/java.lang.Thread.run(Thread.java:834)
2025-11-17 14:23:16,344 WARN Stream Error

io.grpc.netty.shaded.io.netty.handler.codec.http2.Http2Exception$StreamException: Cannot create stream 213 greater than Last-Stream-ID 211 from GOAWAY.
	at io.grpc.netty.shaded.io.netty.handler.codec.http2.Http2Exception.streamError(Http2Exception.java:147)
	at io.grpc.netty.shaded.io.netty.handler.codec.http2.DefaultHttp2Connection$DefaultEndpoint.checkNewStreamAllowed(DefaultHttp2Connection.java:874)
	at io.grpc.netty.shaded.io.netty.handler.codec.http2.DefaultHttp2Connection$DefaultEndpoint.createStream(DefaultHttp2Connection.java:748)
	at io.grpc.netty.shaded.io.netty.handler.codec.http2.DefaultHttp2Connection$DefaultEndpoint.createStream(DefaultHttp2Connection.java:668)
	at io.grpc.netty.shaded.io.netty.handler.codec.http2.DefaultHttp2ConnectionDecoder$FrameReadListener.onHeadersRead(DefaultHttp2ConnectionDecoder.java:330)
	at io.grpc.netty.shaded.io.netty.handler.codec.http2.Http2InboundFrameLogger$1.onHeadersRead(Http2InboundFrameLogger.java:65)
	at io.grpc.netty.shaded.io.netty.handler.codec.http2.DefaultHttp2FrameReader$1.processFragment(DefaultHttp2FrameReader.java:457)
	at io.grpc.netty.shaded.io.netty.handler.codec.http2.DefaultHttp2FrameReader.readHeadersFrame(DefaultHttp2FrameReader.java:464)
	at io.grpc.netty.shaded.io.netty.handler.codec.http2.DefaultHttp2FrameReader.processPayloadState(DefaultHttp2FrameReader.java:254)
	at io.grpc.netty.shaded.io.netty.handler.codec.http2.DefaultHttp2FrameReader.readFrame(DefaultHttp2FrameReader.java:160)
	at io.grpc.netty.shaded.io.netty.handler.codec.http2.Http2InboundFrameLogger.readFrame(Http2InboundFrameLogger.java:41)
	at io.grpc.netty.shaded.io.netty.handler.codec.http2.DefaultHttp2ConnectionDecoder.decodeFrame(DefaultHttp2ConnectionDecoder.java:174)
	at io.grpc.netty.shaded.io.netty.handler.codec.http2.Http2ConnectionHandler$FrameDecoder.decode(Http2ConnectionHandler.java:378)
	at io.grpc.netty.shaded.io.netty.handler.codec.http2.Http2ConnectionHandler.decode(Http2ConnectionHandler.java:438)
	at io.grpc.netty.shaded.io.netty.handler.codec.ByteToMessageDecoder.decodeRemovalReentryProtection(ByteToMessageDecoder.java:498)
	at io.grpc.netty.shaded.io.netty.handler.codec.ByteToMessageDecoder.callDecode(ByteToMessageDecoder.java:437)
	at io.grpc.netty.shaded.io.netty.handler.codec.ByteToMessageDecoder.channelRead(ByteToMessageDecoder.java:276)
	at io.grpc.netty.shaded.io.netty.channel.AbstractChannelHandlerContext.invokeChannelRead(AbstractChannelHandlerContext.java:379)
	at io.grpc.netty.shaded.io.netty.channel.AbstractChannelHandlerContext.invokeChannelRead(AbstractChannelHandlerContext.java:365)
	at io.grpc.netty.shaded.io.netty.channel.AbstractChannelHandlerContext.fireChannelRead(AbstractChannelHandlerContext.java:357)
	at io.grpc.netty.shaded.io.netty.channel.DefaultChannelPipeline$HeadContext.channelRead(DefaultChannelPipeline.java:1410)
	at io.grpc.netty.shaded.io.netty.channel.AbstractChannelHandlerContext.invokeChannelRead(AbstractChannelHandlerContext.java:379)
	at io.grpc.netty.shaded.io.netty.channel.AbstractChannelHandlerContext.invokeChannelRead(AbstractChannelHandlerContext.java:365)
	at io.grpc.netty.shaded.io.netty.channel.DefaultChannelPipeline.fireChannelRead(DefaultChannelPipeline.java:919)
	at io.grpc.netty.shaded.io.netty.channel.nio.AbstractNioByteChannel$NioByteUnsafe.read(AbstractNioByteChannel.java:163)
	at io.grpc.netty.shaded.io.netty.channel.nio.NioEventLoop.processSelectedKey(NioEventLoop.java:714)
	at io.grpc.netty.shaded.io.netty.channel.nio.NioEventLoop.processSelectedKeysOptimized(NioEventLoop.java:650)
	at io.grpc.netty.shaded.io.netty.channel.nio.NioEventLoop.processSelectedKeys(NioEventLoop.java:576)
	at io.grpc.netty.shaded.io.netty.channel.nio.NioEventLoop.run(NioEventLoop.java:493)
	at io.grpc.netty.shaded.io.netty.util.concurrent.SingleThreadEventExecutor$4.run(SingleThreadEventExecutor.java:989)
	at io.grpc.netty.shaded.io.netty.util.internal.ThreadExecutorMap$2.run(ThreadExecutorMap.java:74)
	at io.grpc.netty.shaded.io.netty.util.concurrent.FastThreadLocalRunnable.run(FastThreadLocalRunnable.java:30)
	at java.base/java.lang.Thread.run(Thread.java:834)
2025-11-17 14:23:16,348 WARN Stream Error

io.grpc.netty.shaded.io.netty.handler.codec.http2.Http2Exception$StreamException: Cannot create stream 215 greater than Last-Stream-ID 211 from GOAWAY.
	at io.grpc.netty.shaded.io.netty.handler.codec.http2.Http2Exception.streamError(Http2Exception.java:147)
	at io.grpc.netty.shaded.io.netty.handler.codec.http2.DefaultHttp2Connection$DefaultEndpoint.checkNewStreamAllowed(DefaultHttp2Connection.java:874)
	at io.grpc.netty.shaded.io.netty.handler.codec.http2.DefaultHttp2Connection$DefaultEndpoint.createStream(DefaultHttp2Connection.java:748)
	at io.grpc.netty.shaded.io.netty.handler.codec.http2.DefaultHttp2Connection$DefaultEndpoint.createStream(DefaultHttp2Connection.java:668)
	at io.grpc.netty.shaded.io.netty.handler.codec.http2.DefaultHttp2ConnectionDecoder$FrameReadListener.onHeadersRead(DefaultHttp2ConnectionDecoder.java:330)
	at io.grpc.netty.shaded.io.netty.handler.codec.http2.Http2InboundFrameLogger$1.onHeadersRead(Http2InboundFrameLogger.java:65)
	at io.grpc.netty.shaded.io.netty.handler.codec.http2.DefaultHttp2FrameReader$1.processFragment(DefaultHttp2FrameReader.java:457)
	at io.grpc.netty.shaded.io.netty.handler.codec.http2.DefaultHttp2FrameReader.readHeadersFrame(DefaultHttp2FrameReader.java:464)
	at io.grpc.netty.shaded.io.netty.handler.codec.http2.DefaultHttp2FrameReader.processPayloadState(DefaultHttp2FrameReader.java:254)
	at io.grpc.netty.shaded.io.netty.handler.codec.http2.DefaultHttp2FrameReader.readFrame(DefaultHttp2FrameReader.java:160)
	at io.grpc.netty.shaded.io.netty.handler.codec.http2.Http2InboundFrameLogger.readFrame(Http2InboundFrameLogger.java:41)
	at io.grpc.netty.shaded.io.netty.handler.codec.http2.DefaultHttp2ConnectionDecoder.decodeFrame(DefaultHttp2ConnectionDecoder.java:174)
	at io.grpc.netty.shaded.io.netty.handler.codec.http2.Http2ConnectionHandler$FrameDecoder.decode(Http2ConnectionHandler.java:378)
	at io.grpc.netty.shaded.io.netty.handler.codec.http2.Http2ConnectionHandler.decode(Http2ConnectionHandler.java:438)
	at io.grpc.netty.shaded.io.netty.handler.codec.ByteToMessageDecoder.decodeRemovalReentryProtection(ByteToMessageDecoder.java:498)
	at io.grpc.netty.shaded.io.netty.handler.codec.ByteToMessageDecoder.callDecode(ByteToMessageDecoder.java:437)
	at io.grpc.netty.shaded.io.netty.handler.codec.ByteToMessageDecoder.channelRead(ByteToMessageDecoder.java:276)
	at io.grpc.netty.shaded.io.netty.channel.AbstractChannelHandlerContext.invokeChannelRead(AbstractChannelHandlerContext.java:379)
	at io.grpc.netty.shaded.io.netty.channel.AbstractChannelHandlerContext.invokeChannelRead(AbstractChannelHandlerContext.java:365)
	at io.grpc.netty.shaded.io.netty.channel.AbstractChannelHandlerContext.fireChannelRead(AbstractChannelHandlerContext.java:357)
	at io.grpc.netty.shaded.io.netty.channel.DefaultChannelPipeline$HeadContext.channelRead(DefaultChannelPipeline.java:1410)
	at io.grpc.netty.shaded.io.netty.channel.AbstractChannelHandlerContext.invokeChannelRead(AbstractChannelHandlerContext.java:379)
	at io.grpc.netty.shaded.io.netty.channel.AbstractChannelHandlerContext.invokeChannelRead(AbstractChannelHandlerContext.java:365)
	at io.grpc.netty.shaded.io.netty.channel.DefaultChannelPipeline.fireChannelRead(DefaultChannelPipeline.java:919)
	at io.grpc.netty.shaded.io.netty.channel.nio.AbstractNioByteChannel$NioByteUnsafe.read(AbstractNioByteChannel.java:163)
	at io.grpc.netty.shaded.io.netty.channel.nio.NioEventLoop.processSelectedKey(NioEventLoop.java:714)
	at io.grpc.netty.shaded.io.netty.channel.nio.NioEventLoop.processSelectedKeysOptimized(NioEventLoop.java:650)
	at io.grpc.netty.shaded.io.netty.channel.nio.NioEventLoop.processSelectedKeys(NioEventLoop.java:576)
	at io.grpc.netty.shaded.io.netty.channel.nio.NioEventLoop.run(NioEventLoop.java:493)
	at io.grpc.netty.shaded.io.netty.util.concurrent.SingleThreadEventExecutor$4.run(SingleThreadEventExecutor.java:989)
	at io.grpc.netty.shaded.io.netty.util.internal.ThreadExecutorMap$2.run(ThreadExecutorMap.java:74)
	at io.grpc.netty.shaded.io.netty.util.concurrent.FastThreadLocalRunnable.run(FastThreadLocalRunnable.java:30)
	at java.base/java.lang.Thread.run(Thread.java:834)
2025-11-17 14:23:16,350 WARN Stream Error

io.grpc.netty.shaded.io.netty.handler.codec.http2.Http2Exception$StreamException: Cannot create stream 215 greater than Last-Stream-ID 211 from GOAWAY.
	at io.grpc.netty.shaded.io.netty.handler.codec.http2.Http2Exception.streamError(Http2Exception.java:147)
	at io.grpc.netty.shaded.io.netty.handler.codec.http2.DefaultHttp2Connection$DefaultEndpoint.checkNewStreamAllowed(DefaultHttp2Connection.java:874)
	at io.grpc.netty.shaded.io.netty.handler.codec.http2.DefaultHttp2Connection$DefaultEndpoint.createStream(DefaultHttp2Connection.java:748)
	at io.grpc.netty.shaded.io.netty.handler.codec.http2.DefaultHttp2Connection$DefaultEndpoint.createStream(DefaultHttp2Connection.java:668)
	at io.grpc.netty.shaded.io.netty.handler.codec.http2.DefaultHttp2ConnectionDecoder$FrameReadListener.onHeadersRead(DefaultHttp2ConnectionDecoder.java:330)
	at io.grpc.netty.shaded.io.netty.handler.codec.http2.Http2InboundFrameLogger$1.onHeadersRead(Http2InboundFrameLogger.java:65)
	at io.grpc.netty.shaded.io.netty.handler.codec.http2.DefaultHttp2FrameReader$1.processFragment(DefaultHttp2FrameReader.java:457)
	at io.grpc.netty.shaded.io.netty.handler.codec.http2.DefaultHttp2FrameReader.readHeadersFrame(DefaultHttp2FrameReader.java:464)
	at io.grpc.netty.shaded.io.netty.handler.codec.http2.DefaultHttp2FrameReader.processPayloadState(DefaultHttp2FrameReader.java:254)
	at io.grpc.netty.shaded.io.netty.handler.codec.http2.DefaultHttp2FrameReader.readFrame(DefaultHttp2FrameReader.java:160)
	at io.grpc.netty.shaded.io.netty.handler.codec.http2.Http2InboundFrameLogger.readFrame(Http2InboundFrameLogger.java:41)
	at io.grpc.netty.shaded.io.netty.handler.codec.http2.DefaultHttp2ConnectionDecoder.decodeFrame(DefaultHttp2ConnectionDecoder.java:174)
	at io.grpc.netty.shaded.io.netty.handler.codec.http2.Http2ConnectionHandler$FrameDecoder.decode(Http2ConnectionHandler.java:378)
	at io.grpc.netty.shaded.io.netty.handler.codec.http2.Http2ConnectionHandler.decode(Http2ConnectionHandler.java:438)
	at io.grpc.netty.shaded.io.netty.handler.codec.ByteToMessageDecoder.decodeRemovalReentryProtection(ByteToMessageDecoder.java:498)
	at io.grpc.netty.shaded.io.netty.handler.codec.ByteToMessageDecoder.callDecode(ByteToMessageDecoder.java:437)
	at io.grpc.netty.shaded.io.netty.handler.codec.ByteToMessageDecoder.channelRead(ByteToMessageDecoder.java:276)
	at io.grpc.netty.shaded.io.netty.channel.AbstractChannelHandlerContext.invokeChannelRead(AbstractChannelHandlerContext.java:379)
	at io.grpc.netty.shaded.io.netty.channel.AbstractChannelHandlerContext.invokeChannelRead(AbstractChannelHandlerContext.java:365)
	at io.grpc.netty.shaded.io.netty.channel.AbstractChannelHandlerContext.fireChannelRead(AbstractChannelHandlerContext.java:357)
	at io.grpc.netty.shaded.io.netty.channel.DefaultChannelPipeline$HeadContext.channelRead(DefaultChannelPipeline.java:1410)
	at io.grpc.netty.shaded.io.netty.channel.AbstractChannelHandlerContext.invokeChannelRead(AbstractChannelHandlerContext.java:379)
	at io.grpc.netty.shaded.io.netty.channel.AbstractChannelHandlerContext.invokeChannelRead(AbstractChannelHandlerContext.java:365)
	at io.grpc.netty.shaded.io.netty.channel.DefaultChannelPipeline.fireChannelRead(DefaultChannelPipeline.java:919)
	at io.grpc.netty.shaded.io.netty.channel.nio.AbstractNioByteChannel$NioByteUnsafe.read(AbstractNioByteChannel.java:163)
	at io.grpc.netty.shaded.io.netty.channel.nio.NioEventLoop.processSelectedKey(NioEventLoop.java:714)
	at io.grpc.netty.shaded.io.netty.channel.nio.NioEventLoop.processSelectedKeysOptimized(NioEventLoop.java:650)
	at io.grpc.netty.shaded.io.netty.channel.nio.NioEventLoop.processSelectedKeys(NioEventLoop.java:576)
	at io.grpc.netty.shaded.io.netty.channel.nio.NioEventLoop.run(NioEventLoop.java:493)
	at io.grpc.netty.shaded.io.netty.util.concurrent.SingleThreadEventExecutor$4.run(SingleThreadEventExecutor.java:989)
	at io.grpc.netty.shaded.io.netty.util.internal.ThreadExecutorMap$2.run(ThreadExecutorMap.java:74)
	at io.grpc.netty.shaded.io.netty.util.concurrent.FastThreadLocalRunnable.run(FastThreadLocalRunnable.java:30)
	at java.base/java.lang.Thread.run(Thread.java:834)
2025-11-17 14:23:16,350 WARN Stream Error

io.grpc.netty.shaded.io.netty.handler.codec.http2.Http2Exception$StreamException: Cannot create stream 217 greater than Last-Stream-ID 211 from GOAWAY.
	at io.grpc.netty.shaded.io.netty.handler.codec.http2.Http2Exception.streamError(Http2Exception.java:147)
	at io.grpc.netty.shaded.io.netty.handler.codec.http2.DefaultHttp2Connection$DefaultEndpoint.checkNewStreamAllowed(DefaultHttp2Connection.java:874)
	at io.grpc.netty.shaded.io.netty.handler.codec.http2.DefaultHttp2Connection$DefaultEndpoint.createStream(DefaultHttp2Connection.java:748)
	at io.grpc.netty.shaded.io.netty.handler.codec.http2.DefaultHttp2Connection$DefaultEndpoint.createStream(DefaultHttp2Connection.java:668)
	at io.grpc.netty.shaded.io.netty.handler.codec.http2.DefaultHttp2ConnectionDecoder$FrameReadListener.onHeadersRead(DefaultHttp2ConnectionDecoder.java:330)
	at io.grpc.netty.shaded.io.netty.handler.codec.http2.Http2InboundFrameLogger$1.onHeadersRead(Http2InboundFrameLogger.java:65)
	at io.grpc.netty.shaded.io.netty.handler.codec.http2.DefaultHttp2FrameReader$1.processFragment(DefaultHttp2FrameReader.java:457)
	at io.grpc.netty.shaded.io.netty.handler.codec.http2.DefaultHttp2FrameReader.readHeadersFrame(DefaultHttp2FrameReader.java:464)
	at io.grpc.netty.shaded.io.netty.handler.codec.http2.DefaultHttp2FrameReader.processPayloadState(DefaultHttp2FrameReader.java:254)
	at io.grpc.netty.shaded.io.netty.handler.codec.http2.DefaultHttp2FrameReader.readFrame(DefaultHttp2FrameReader.java:160)
	at io.grpc.netty.shaded.io.netty.handler.codec.http2.Http2InboundFrameLogger.readFrame(Http2InboundFrameLogger.java:41)
	at io.grpc.netty.shaded.io.netty.handler.codec.http2.DefaultHttp2ConnectionDecoder.decodeFrame(DefaultHttp2ConnectionDecoder.java:174)
	at io.grpc.netty.shaded.io.netty.handler.codec.http2.Http2ConnectionHandler$FrameDecoder.decode(Http2ConnectionHandler.java:378)
	at io.grpc.netty.shaded.io.netty.handler.codec.http2.Http2ConnectionHandler.decode(Http2ConnectionHandler.java:438)
	at io.grpc.netty.shaded.io.netty.handler.codec.ByteToMessageDecoder.decodeRemovalReentryProtection(ByteToMessageDecoder.java:498)
	at io.grpc.netty.shaded.io.netty.handler.codec.ByteToMessageDecoder.callDecode(ByteToMessageDecoder.java:437)
	at io.grpc.netty.shaded.io.netty.handler.codec.ByteToMessageDecoder.channelRead(ByteToMessageDecoder.java:276)
	at io.grpc.netty.shaded.io.netty.channel.AbstractChannelHandlerContext.invokeChannelRead(AbstractChannelHandlerContext.java:379)
	at io.grpc.netty.shaded.io.netty.channel.AbstractChannelHandlerContext.invokeChannelRead(AbstractChannelHandlerContext.java:365)
	at io.grpc.netty.shaded.io.netty.channel.AbstractChannelHandlerContext.fireChannelRead(AbstractChannelHandlerContext.java:357)
	at io.grpc.netty.shaded.io.netty.channel.DefaultChannelPipeline$HeadContext.channelRead(DefaultChannelPipeline.java:1410)
	at io.grpc.netty.shaded.io.netty.channel.AbstractChannelHandlerContext.invokeChannelRead(AbstractChannelHandlerContext.java:379)
	at io.grpc.netty.shaded.io.netty.channel.AbstractChannelHandlerContext.invokeChannelRead(AbstractChannelHandlerContext.java:365)
	at io.grpc.netty.shaded.io.netty.channel.DefaultChannelPipeline.fireChannelRead(DefaultChannelPipeline.java:919)
	at io.grpc.netty.shaded.io.netty.channel.nio.AbstractNioByteChannel$NioByteUnsafe.read(AbstractNioByteChannel.java:163)
	at io.grpc.netty.shaded.io.netty.channel.nio.NioEventLoop.processSelectedKey(NioEventLoop.java:714)
	at io.grpc.netty.shaded.io.netty.channel.nio.NioEventLoop.processSelectedKeysOptimized(NioEventLoop.java:650)
	at io.grpc.netty.shaded.io.netty.channel.nio.NioEventLoop.processSelectedKeys(NioEventLoop.java:576)
	at io.grpc.netty.shaded.io.netty.channel.nio.NioEventLoop.run(NioEventLoop.java:493)
	at io.grpc.netty.shaded.io.netty.util.concurrent.SingleThreadEventExecutor$4.run(SingleThreadEventExecutor.java:989)
	at io.grpc.netty.shaded.io.netty.util.internal.ThreadExecutorMap$2.run(ThreadExecutorMap.java:74)
	at io.grpc.netty.shaded.io.netty.util.concurrent.FastThreadLocalRunnable.run(FastThreadLocalRunnable.java:30)
	at java.base/java.lang.Thread.run(Thread.java:834)
2025-11-17 14:23:16,364 INFO [id: 0x1b3bb953, L:/127.0.0.1:9848 ! R:/127.0.0.1:52549] ignoring DATA frame for stream 215. Stream sent after GOAWAY sent

2025-11-17 14:24:55,464 WARN Stream Error

io.grpc.netty.shaded.io.netty.handler.codec.http2.Http2Exception$StreamException: Cannot create stream 33 greater than Last-Stream-ID 31 from GOAWAY.
	at io.grpc.netty.shaded.io.netty.handler.codec.http2.Http2Exception.streamError(Http2Exception.java:147)
	at io.grpc.netty.shaded.io.netty.handler.codec.http2.DefaultHttp2Connection$DefaultEndpoint.checkNewStreamAllowed(DefaultHttp2Connection.java:874)
	at io.grpc.netty.shaded.io.netty.handler.codec.http2.DefaultHttp2Connection$DefaultEndpoint.createStream(DefaultHttp2Connection.java:748)
	at io.grpc.netty.shaded.io.netty.handler.codec.http2.DefaultHttp2Connection$DefaultEndpoint.createStream(DefaultHttp2Connection.java:668)
	at io.grpc.netty.shaded.io.netty.handler.codec.http2.DefaultHttp2ConnectionDecoder$FrameReadListener.onHeadersRead(DefaultHttp2ConnectionDecoder.java:330)
	at io.grpc.netty.shaded.io.netty.handler.codec.http2.Http2InboundFrameLogger$1.onHeadersRead(Http2InboundFrameLogger.java:65)
	at io.grpc.netty.shaded.io.netty.handler.codec.http2.DefaultHttp2FrameReader$1.processFragment(DefaultHttp2FrameReader.java:457)
	at io.grpc.netty.shaded.io.netty.handler.codec.http2.DefaultHttp2FrameReader.readHeadersFrame(DefaultHttp2FrameReader.java:464)
	at io.grpc.netty.shaded.io.netty.handler.codec.http2.DefaultHttp2FrameReader.processPayloadState(DefaultHttp2FrameReader.java:254)
	at io.grpc.netty.shaded.io.netty.handler.codec.http2.DefaultHttp2FrameReader.readFrame(DefaultHttp2FrameReader.java:160)
	at io.grpc.netty.shaded.io.netty.handler.codec.http2.Http2InboundFrameLogger.readFrame(Http2InboundFrameLogger.java:41)
	at io.grpc.netty.shaded.io.netty.handler.codec.http2.DefaultHttp2ConnectionDecoder.decodeFrame(DefaultHttp2ConnectionDecoder.java:174)
	at io.grpc.netty.shaded.io.netty.handler.codec.http2.Http2ConnectionHandler$FrameDecoder.decode(Http2ConnectionHandler.java:378)
	at io.grpc.netty.shaded.io.netty.handler.codec.http2.Http2ConnectionHandler.decode(Http2ConnectionHandler.java:438)
	at io.grpc.netty.shaded.io.netty.handler.codec.ByteToMessageDecoder.decodeRemovalReentryProtection(ByteToMessageDecoder.java:498)
	at io.grpc.netty.shaded.io.netty.handler.codec.ByteToMessageDecoder.callDecode(ByteToMessageDecoder.java:437)
	at io.grpc.netty.shaded.io.netty.handler.codec.ByteToMessageDecoder.channelRead(ByteToMessageDecoder.java:276)
	at io.grpc.netty.shaded.io.netty.channel.AbstractChannelHandlerContext.invokeChannelRead(AbstractChannelHandlerContext.java:379)
	at io.grpc.netty.shaded.io.netty.channel.AbstractChannelHandlerContext.invokeChannelRead(AbstractChannelHandlerContext.java:365)
	at io.grpc.netty.shaded.io.netty.channel.AbstractChannelHandlerContext.fireChannelRead(AbstractChannelHandlerContext.java:357)
	at io.grpc.netty.shaded.io.netty.channel.DefaultChannelPipeline$HeadContext.channelRead(DefaultChannelPipeline.java:1410)
	at io.grpc.netty.shaded.io.netty.channel.AbstractChannelHandlerContext.invokeChannelRead(AbstractChannelHandlerContext.java:379)
	at io.grpc.netty.shaded.io.netty.channel.AbstractChannelHandlerContext.invokeChannelRead(AbstractChannelHandlerContext.java:365)
	at io.grpc.netty.shaded.io.netty.channel.DefaultChannelPipeline.fireChannelRead(DefaultChannelPipeline.java:919)
	at io.grpc.netty.shaded.io.netty.channel.nio.AbstractNioByteChannel$NioByteUnsafe.read(AbstractNioByteChannel.java:163)
	at io.grpc.netty.shaded.io.netty.channel.nio.NioEventLoop.processSelectedKey(NioEventLoop.java:714)
	at io.grpc.netty.shaded.io.netty.channel.nio.NioEventLoop.processSelectedKeysOptimized(NioEventLoop.java:650)
	at io.grpc.netty.shaded.io.netty.channel.nio.NioEventLoop.processSelectedKeys(NioEventLoop.java:576)
	at io.grpc.netty.shaded.io.netty.channel.nio.NioEventLoop.run(NioEventLoop.java:493)
	at io.grpc.netty.shaded.io.netty.util.concurrent.SingleThreadEventExecutor$4.run(SingleThreadEventExecutor.java:989)
	at io.grpc.netty.shaded.io.netty.util.internal.ThreadExecutorMap$2.run(ThreadExecutorMap.java:74)
	at io.grpc.netty.shaded.io.netty.util.concurrent.FastThreadLocalRunnable.run(FastThreadLocalRunnable.java:30)
	at java.base/java.lang.Thread.run(Thread.java:834)
2025-11-17 14:24:55,465 INFO [id: 0xd61d8b0b, L:/127.0.0.1:9848 ! R:/127.0.0.1:61805] ignoring DATA frame for stream 33. Stream sent after GOAWAY sent

2025-11-17 14:24:56,368 WARN Stream Error

io.grpc.netty.shaded.io.netty.handler.codec.http2.Http2Exception$StreamException: Cannot create stream 27 greater than Last-Stream-ID 25 from GOAWAY.
	at io.grpc.netty.shaded.io.netty.handler.codec.http2.Http2Exception.streamError(Http2Exception.java:147)
	at io.grpc.netty.shaded.io.netty.handler.codec.http2.DefaultHttp2Connection$DefaultEndpoint.checkNewStreamAllowed(DefaultHttp2Connection.java:874)
	at io.grpc.netty.shaded.io.netty.handler.codec.http2.DefaultHttp2Connection$DefaultEndpoint.createStream(DefaultHttp2Connection.java:748)
	at io.grpc.netty.shaded.io.netty.handler.codec.http2.DefaultHttp2Connection$DefaultEndpoint.createStream(DefaultHttp2Connection.java:668)
	at io.grpc.netty.shaded.io.netty.handler.codec.http2.DefaultHttp2ConnectionDecoder$FrameReadListener.onHeadersRead(DefaultHttp2ConnectionDecoder.java:330)
	at io.grpc.netty.shaded.io.netty.handler.codec.http2.Http2InboundFrameLogger$1.onHeadersRead(Http2InboundFrameLogger.java:65)
	at io.grpc.netty.shaded.io.netty.handler.codec.http2.DefaultHttp2FrameReader$1.processFragment(DefaultHttp2FrameReader.java:457)
	at io.grpc.netty.shaded.io.netty.handler.codec.http2.DefaultHttp2FrameReader.readHeadersFrame(DefaultHttp2FrameReader.java:464)
	at io.grpc.netty.shaded.io.netty.handler.codec.http2.DefaultHttp2FrameReader.processPayloadState(DefaultHttp2FrameReader.java:254)
	at io.grpc.netty.shaded.io.netty.handler.codec.http2.DefaultHttp2FrameReader.readFrame(DefaultHttp2FrameReader.java:160)
	at io.grpc.netty.shaded.io.netty.handler.codec.http2.Http2InboundFrameLogger.readFrame(Http2InboundFrameLogger.java:41)
	at io.grpc.netty.shaded.io.netty.handler.codec.http2.DefaultHttp2ConnectionDecoder.decodeFrame(DefaultHttp2ConnectionDecoder.java:174)
	at io.grpc.netty.shaded.io.netty.handler.codec.http2.Http2ConnectionHandler$FrameDecoder.decode(Http2ConnectionHandler.java:378)
	at io.grpc.netty.shaded.io.netty.handler.codec.http2.Http2ConnectionHandler.decode(Http2ConnectionHandler.java:438)
	at io.grpc.netty.shaded.io.netty.handler.codec.ByteToMessageDecoder.decodeRemovalReentryProtection(ByteToMessageDecoder.java:498)
	at io.grpc.netty.shaded.io.netty.handler.codec.ByteToMessageDecoder.callDecode(ByteToMessageDecoder.java:437)
	at io.grpc.netty.shaded.io.netty.handler.codec.ByteToMessageDecoder.channelRead(ByteToMessageDecoder.java:276)
	at io.grpc.netty.shaded.io.netty.channel.AbstractChannelHandlerContext.invokeChannelRead(AbstractChannelHandlerContext.java:379)
	at io.grpc.netty.shaded.io.netty.channel.AbstractChannelHandlerContext.invokeChannelRead(AbstractChannelHandlerContext.java:365)
	at io.grpc.netty.shaded.io.netty.channel.AbstractChannelHandlerContext.fireChannelRead(AbstractChannelHandlerContext.java:357)
	at io.grpc.netty.shaded.io.netty.channel.DefaultChannelPipeline$HeadContext.channelRead(DefaultChannelPipeline.java:1410)
	at io.grpc.netty.shaded.io.netty.channel.AbstractChannelHandlerContext.invokeChannelRead(AbstractChannelHandlerContext.java:379)
	at io.grpc.netty.shaded.io.netty.channel.AbstractChannelHandlerContext.invokeChannelRead(AbstractChannelHandlerContext.java:365)
	at io.grpc.netty.shaded.io.netty.channel.DefaultChannelPipeline.fireChannelRead(DefaultChannelPipeline.java:919)
	at io.grpc.netty.shaded.io.netty.channel.nio.AbstractNioByteChannel$NioByteUnsafe.read(AbstractNioByteChannel.java:163)
	at io.grpc.netty.shaded.io.netty.channel.nio.NioEventLoop.processSelectedKey(NioEventLoop.java:714)
	at io.grpc.netty.shaded.io.netty.channel.nio.NioEventLoop.processSelectedKeysOptimized(NioEventLoop.java:650)
	at io.grpc.netty.shaded.io.netty.channel.nio.NioEventLoop.processSelectedKeys(NioEventLoop.java:576)
	at io.grpc.netty.shaded.io.netty.channel.nio.NioEventLoop.run(NioEventLoop.java:493)
	at io.grpc.netty.shaded.io.netty.util.concurrent.SingleThreadEventExecutor$4.run(SingleThreadEventExecutor.java:989)
	at io.grpc.netty.shaded.io.netty.util.internal.ThreadExecutorMap$2.run(ThreadExecutorMap.java:74)
	at io.grpc.netty.shaded.io.netty.util.concurrent.FastThreadLocalRunnable.run(FastThreadLocalRunnable.java:30)
	at java.base/java.lang.Thread.run(Thread.java:834)
2025-11-17 14:24:56,370 INFO [id: 0x93eb583b, L:/127.0.0.1:9848 ! R:/127.0.0.1:61806] ignoring DATA frame for stream 27. Stream sent after GOAWAY sent

2025-11-17 14:25:42,323 WARN clearConfigHistory start

2025-11-17 14:25:42,323 WARN clearConfigHistory, getBeforeStamp:2025-10-18 14:25:42.0, pageSize:1000

2025-11-17 14:25:42,354 INFO [capacityManagement] start correct usage

2025-11-17 14:25:42,355 INFO [capacityManagement] end correct usage, cost: 0.0011011s

2025-11-17 14:35:42,328 WARN clearConfigHistory start

2025-11-17 14:35:42,328 WARN clearConfigHistory, getBeforeStamp:2025-10-18 14:35:42.0, pageSize:1000

2025-11-17 14:35:42,355 INFO [capacityManagement] start correct usage

2025-11-17 14:35:42,357 INFO [capacityManagement] end correct usage, cost: 0.001259s

2025-11-17 14:45:42,332 WARN clearConfigHistory start

2025-11-17 14:45:42,332 WARN clearConfigHistory, getBeforeStamp:2025-10-18 14:45:42.0, pageSize:1000

2025-11-17 14:45:42,360 INFO [capacityManagement] start correct usage

2025-11-17 14:45:42,360 INFO [capacityManagement] end correct usage, cost: 0.001003s

2025-11-17 14:55:42,335 WARN clearConfigHistory start

2025-11-17 14:55:42,335 WARN clearConfigHistory, getBeforeStamp:2025-10-18 14:55:42.0, pageSize:1000

2025-11-17 14:55:42,364 INFO [capacityManagement] start correct usage

2025-11-17 14:55:42,364 INFO [capacityManagement] end correct usage, cost: 0.0010105s

2025-11-17 15:05:42,345 WARN clearConfigHistory start

2025-11-17 15:05:42,345 WARN clearConfigHistory, getBeforeStamp:2025-10-18 15:05:42.0, pageSize:1000

2025-11-17 15:05:42,377 INFO [capacityManagement] start correct usage

2025-11-17 15:05:42,377 INFO [capacityManagement] end correct usage, cost: 0.0036522s

2025-11-17 15:15:42,355 WARN clearConfigHistory start

2025-11-17 15:15:42,356 WARN clearConfigHistory, getBeforeStamp:2025-10-18 15:15:42.0, pageSize:1000

2025-11-17 15:15:42,387 INFO [capacityManagement] start correct usage

2025-11-17 15:15:42,389 INFO [capacityManagement] end correct usage, cost: 0.0029233s

2025-11-17 15:25:42,363 WARN clearConfigHistory start

2025-11-17 15:25:42,363 WARN clearConfigHistory, getBeforeStamp:2025-10-18 15:25:42.0, pageSize:1000

2025-11-17 15:25:42,390 INFO [capacityManagement] start correct usage

2025-11-17 15:25:42,392 INFO [capacityManagement] end correct usage, cost: 0.0025393s

2025-11-17 15:35:42,370 WARN clearConfigHistory start

2025-11-17 15:35:42,371 WARN clearConfigHistory, getBeforeStamp:2025-10-18 15:35:42.0, pageSize:1000

2025-11-17 15:35:42,402 INFO [capacityManagement] start correct usage

2025-11-17 15:35:42,404 INFO [capacityManagement] end correct usage, cost: 0.003456s

2025-11-17 15:45:42,374 WARN clearConfigHistory start

2025-11-17 15:45:42,374 WARN clearConfigHistory, getBeforeStamp:2025-10-18 15:45:42.0, pageSize:1000

2025-11-17 15:45:42,408 INFO [capacityManagement] start correct usage

2025-11-17 15:45:42,409 INFO [capacityManagement] end correct usage, cost: 0.001417s

2025-11-17 15:55:42,376 WARN clearConfigHistory start

2025-11-17 15:55:42,376 WARN clearConfigHistory, getBeforeStamp:2025-10-18 15:55:42.0, pageSize:1000

2025-11-17 15:55:42,412 INFO [capacityManagement] start correct usage

2025-11-17 15:55:42,413 INFO [capacityManagement] end correct usage, cost: 9.24E-4s

2025-11-17 16:05:42,385 WARN clearConfigHistory start

2025-11-17 16:05:42,385 WARN clearConfigHistory, getBeforeStamp:2025-10-18 16:05:42.0, pageSize:1000

2025-11-17 16:05:42,417 INFO [capacityManagement] start correct usage

2025-11-17 16:05:42,422 INFO [capacityManagement] end correct usage, cost: 0.0049359s

2025-11-17 16:15:42,400 WARN clearConfigHistory start

2025-11-17 16:15:42,400 WARN clearConfigHistory, getBeforeStamp:2025-10-18 16:15:42.0, pageSize:1000

2025-11-17 16:15:42,431 INFO [capacityManagement] start correct usage

2025-11-17 16:15:42,432 INFO [capacityManagement] end correct usage, cost: 0.0011726s

2025-11-17 16:25:42,402 WARN clearConfigHistory start

2025-11-17 16:25:42,402 WARN clearConfigHistory, getBeforeStamp:2025-10-18 16:25:42.0, pageSize:1000

2025-11-17 16:25:42,435 INFO [capacityManagement] start correct usage

2025-11-17 16:25:42,435 INFO [capacityManagement] end correct usage, cost: 0.0010902s

2025-11-17 16:35:42,406 WARN clearConfigHistory start

2025-11-17 16:35:42,406 WARN clearConfigHistory, getBeforeStamp:2025-10-18 16:35:42.0, pageSize:1000

2025-11-17 16:35:42,439 INFO [capacityManagement] start correct usage

2025-11-17 16:35:42,439 INFO [capacityManagement] end correct usage, cost: 0.0020694s

2025-11-17 16:45:42,410 WARN clearConfigHistory start

2025-11-17 16:45:42,410 WARN clearConfigHistory, getBeforeStamp:2025-10-18 16:45:42.0, pageSize:1000

2025-11-17 16:45:42,443 INFO [capacityManagement] start correct usage

2025-11-17 16:45:42,444 INFO [capacityManagement] end correct usage, cost: 0.0010237s

2025-11-17 16:55:42,422 WARN clearConfigHistory start

2025-11-17 16:55:42,423 WARN clearConfigHistory, getBeforeStamp:2025-10-18 16:55:42.0, pageSize:1000

2025-11-17 16:55:42,452 INFO [capacityManagement] start correct usage

2025-11-17 16:55:42,455 INFO [capacityManagement] end correct usage, cost: 0.0019984s

2025-11-17 17:05:42,433 WARN clearConfigHistory start

2025-11-17 17:05:42,434 WARN clearConfigHistory, getBeforeStamp:2025-10-18 17:05:42.0, pageSize:1000

2025-11-17 17:05:42,458 INFO [capacityManagement] start correct usage

2025-11-17 17:05:42,459 INFO [capacityManagement] end correct usage, cost: 0.0018469s

2025-11-17 17:15:42,439 WARN clearConfigHistory start

2025-11-17 17:15:42,440 WARN clearConfigHistory, getBeforeStamp:2025-10-18 17:15:42.0, pageSize:1000

2025-11-17 17:15:42,463 INFO [capacityManagement] start correct usage

2025-11-17 17:15:42,464 INFO [capacityManagement] end correct usage, cost: 0.0010963s

2025-11-17 17:25:42,444 WARN clearConfigHistory start

2025-11-17 17:25:42,445 WARN clearConfigHistory, getBeforeStamp:2025-10-18 17:25:42.0, pageSize:1000

2025-11-17 17:25:42,466 INFO [capacityManagement] start correct usage

2025-11-17 17:25:42,467 INFO [capacityManagement] end correct usage, cost: 0.0012481s

2025-11-17 17:35:42,447 WARN clearConfigHistory start

2025-11-17 17:35:42,447 WARN clearConfigHistory, getBeforeStamp:2025-10-18 17:35:42.0, pageSize:1000

2025-11-17 17:35:42,468 INFO [capacityManagement] start correct usage

2025-11-17 17:35:42,468 INFO [capacityManagement] end correct usage, cost: 0.0019341s

2025-11-17 17:45:42,453 WARN clearConfigHistory start

2025-11-17 17:45:42,454 WARN clearConfigHistory, getBeforeStamp:2025-10-18 17:45:42.0, pageSize:1000

2025-11-17 17:45:42,483 INFO [capacityManagement] start correct usage

2025-11-17 17:45:42,485 INFO [capacityManagement] end correct usage, cost: 0.0013116s

2025-11-17 17:55:42,464 WARN clearConfigHistory start

2025-11-17 17:55:42,465 WARN clearConfigHistory, getBeforeStamp:2025-10-18 17:55:42.0, pageSize:1000

2025-11-17 17:55:42,495 INFO [capacityManagement] start correct usage

2025-11-17 17:55:42,497 INFO [capacityManagement] end correct usage, cost: 0.002074s

2025-11-17 18:05:42,470 WARN clearConfigHistory start

2025-11-17 18:05:42,470 WARN clearConfigHistory, getBeforeStamp:2025-10-18 18:05:42.0, pageSize:1000

2025-11-17 18:05:42,499 INFO [capacityManagement] start correct usage

2025-11-17 18:05:42,502 INFO [capacityManagement] end correct usage, cost: 0.0034727s

2025-11-17 18:15:42,476 WARN clearConfigHistory start

2025-11-17 18:15:42,476 WARN clearConfigHistory, getBeforeStamp:2025-10-18 18:15:42.0, pageSize:1000

2025-11-17 18:15:42,506 INFO [capacityManagement] start correct usage

2025-11-17 18:15:42,507 INFO [capacityManagement] end correct usage, cost: 9.598E-4s

2025-11-17 18:25:42,479 WARN clearConfigHistory start

2025-11-17 18:25:42,479 WARN clearConfigHistory, getBeforeStamp:2025-10-18 18:25:42.0, pageSize:1000

2025-11-17 18:25:42,510 INFO [capacityManagement] start correct usage

2025-11-17 18:25:42,511 INFO [capacityManagement] end correct usage, cost: 0.0010639s

2025-11-17 18:35:42,483 WARN clearConfigHistory start

2025-11-17 18:35:42,483 WARN clearConfigHistory, getBeforeStamp:2025-10-18 18:35:42.0, pageSize:1000

2025-11-17 18:35:42,512 INFO [capacityManagement] start correct usage

2025-11-17 18:35:42,513 INFO [capacityManagement] end correct usage, cost: 0.0012217s

2025-11-17 18:45:42,486 WARN clearConfigHistory start

2025-11-17 18:45:42,486 WARN clearConfigHistory, getBeforeStamp:2025-10-18 18:45:42.0, pageSize:1000

2025-11-17 18:45:42,515 INFO [capacityManagement] start correct usage

2025-11-17 18:45:42,516 INFO [capacityManagement] end correct usage, cost: 9.258E-4s

2025-11-17 18:55:42,489 WARN clearConfigHistory start

2025-11-17 18:55:42,489 WARN clearConfigHistory, getBeforeStamp:2025-10-18 18:55:42.0, pageSize:1000

2025-11-17 18:55:42,520 INFO [capacityManagement] start correct usage

2025-11-17 18:55:42,521 INFO [capacityManagement] end correct usage, cost: 0.0013167s

2025-11-17 19:05:42,491 WARN clearConfigHistory start

2025-11-17 19:05:42,491 WARN clearConfigHistory, getBeforeStamp:2025-10-18 19:05:42.0, pageSize:1000

2025-11-17 19:05:42,524 INFO [capacityManagement] start correct usage

2025-11-17 19:05:42,526 INFO [capacityManagement] end correct usage, cost: 0.0028613s

2025-11-17 19:15:42,499 WARN clearConfigHistory start

2025-11-17 19:15:42,499 WARN clearConfigHistory, getBeforeStamp:2025-10-18 19:15:42.0, pageSize:1000

2025-11-17 19:15:42,528 INFO [capacityManagement] start correct usage

2025-11-17 19:15:42,529 INFO [capacityManagement] end correct usage, cost: 0.0010716s

2025-11-17 19:25:42,507 WARN clearConfigHistory start

2025-11-17 19:25:42,508 WARN clearConfigHistory, getBeforeStamp:2025-10-18 19:25:42.0, pageSize:1000

2025-11-17 19:25:42,538 INFO [capacityManagement] start correct usage

2025-11-17 19:25:42,539 INFO [capacityManagement] end correct usage, cost: 0.0012338s

2025-11-17 19:35:42,513 WARN clearConfigHistory start

2025-11-17 19:35:42,513 WARN clearConfigHistory, getBeforeStamp:2025-10-18 19:35:42.0, pageSize:1000

2025-11-17 19:35:42,540 INFO [capacityManagement] start correct usage

2025-11-17 19:35:42,541 INFO [capacityManagement] end correct usage, cost: 0.0012654s

2025-11-17 19:45:42,517 WARN clearConfigHistory start

2025-11-17 19:45:42,517 WARN clearConfigHistory, getBeforeStamp:2025-10-18 19:45:42.0, pageSize:1000

2025-11-17 19:45:42,542 INFO [capacityManagement] start correct usage

2025-11-17 19:45:42,543 INFO [capacityManagement] end correct usage, cost: 0.0011668s

2025-11-17 19:55:42,521 WARN clearConfigHistory start

2025-11-17 19:55:42,521 WARN clearConfigHistory, getBeforeStamp:2025-10-18 19:55:42.0, pageSize:1000

2025-11-17 19:55:42,547 INFO [capacityManagement] start correct usage

2025-11-17 19:55:42,548 INFO [capacityManagement] end correct usage, cost: 0.0011003s

